[13:39:02] [main/INFO] (FabricLoader/GameProvider) Loading Minecraft 1.20.1 with Fabric Loader 0.15.6
[13:39:04] [main/INFO] (FabricLoader) Loading 72 mods:
	- bclib 3.0.14
	- betterend 4.0.11
	- fabric-api 0.91.0+1.20.1
	- fabric-api-base 0.4.30+7abfd51577
	- fabric-api-lookup-api-v1 1.6.35+4d8536c977
	- fabric-biome-api-v1 13.0.12+215bbe9677
	- fabric-block-api-v1 1.0.10+92a0d36777
	- fabric-block-view-api-v2 1.0.0+92a0d36777
	- fabric-blockrenderlayer-v1 1.1.40+b3afc78b77
	- fabric-client-tags-api-v1 1.1.1+97bb207577
	- fabric-command-api-v1 1.2.33+f71b366f77
	- fabric-command-api-v2 2.2.12+b3afc78b77
	- fabric-commands-v0 0.2.50+df3654b377
	- fabric-containers-v0 0.1.63+df3654b377
	- fabric-content-registries-v0 4.0.10+57aed33f77
	- fabric-convention-tags-v1 1.5.4+a1a980da77
	- fabric-crash-report-info-v1 0.2.18+aeb40ebe77
	- fabric-data-generation-api-v1 12.3.3+d7b148e077
	- fabric-dimensions-v1 2.1.53+8536527b77
	- fabric-entity-events-v1 1.5.22+b3afc78b77
	- fabric-events-interaction-v0 0.6.1+e91849a877
	- fabric-events-lifecycle-v0 0.2.62+df3654b377
	- fabric-game-rule-api-v1 1.0.39+ae9f657a77
	- fabric-gametest-api-v1 1.2.12+b3afc78b77
	- fabric-item-api-v1 2.1.27+b3afc78b77
	- fabric-item-group-api-v1 4.0.11+d7b148e077
	- fabric-key-binding-api-v1 1.0.36+fb8d95da77
	- fabric-keybindings-v0 0.2.34+df3654b377
	- fabric-lifecycle-events-v1 2.2.21+b3afc78b77
	- fabric-loot-api-v2 1.2.0+96dfa95977
	- fabric-loot-tables-v1 1.1.44+9e7660c677
	- fabric-message-api-v1 5.1.8+d7b148e077
	- fabric-mining-level-api-v1 2.1.49+b3afc78b77
	- fabric-model-loading-api-v1 1.0.2+709a987177
	- fabric-models-v0 0.4.1+9386d8a777
	- fabric-networking-api-v1 1.3.10+eeb8eb3677
	- fabric-networking-v0 0.3.50+df3654b377
	- fabric-object-builder-api-v1 11.1.2+4ee0bc6077
	- fabric-particles-v1 1.1.1+201a23a077
	- fabric-recipe-api-v1 1.0.20+b3afc78b77
	- fabric-registry-sync-v0 2.3.2+4df89eb277
	- fabric-renderer-api-v1 3.2.0+39a511ba77
	- fabric-renderer-indigo 1.5.0+39a511ba77
	- fabric-renderer-registries-v1 3.2.45+df3654b377
	- fabric-rendering-data-attachment-v1 0.3.36+92a0d36777
	- fabric-rendering-fluids-v1 3.0.27+b3afc78b77
	- fabric-rendering-v0 1.1.48+df3654b377
	- fabric-rendering-v1 3.0.7+b3afc78b77
	- fabric-resource-conditions-api-v1 2.3.7+29de845d77
	- fabric-resource-loader-v0 0.11.9+132c48c177
	- fabric-screen-api-v1 2.0.7+b3afc78b77
	- fabric-screen-handler-api-v1 1.3.29+b3afc78b77
	- fabric-sound-api-v1 1.0.12+b3afc78b77
	- fabric-transfer-api-v1 3.3.3+c81d263177
	- fabric-transitive-access-wideners-v1 4.3.0+6c31357e77
	- fabricloader 0.15.6
	- fluidlogged 2.0.1-beta.2
	- java 18
	- minecraft 1.20.1
	- mixinextras 0.3.2
	- sodium 0.5.3
	- solarflare 0.0.1
	- wunderlib 1.1.5
	- yet_another_config_lib_v3 3.2.1+1.20
	   |-- com_twelvemonkeys_common_common-image 3.10.0-SNAPSHOT
	   |-- com_twelvemonkeys_common_common-io 3.10.0-SNAPSHOT
	   |-- com_twelvemonkeys_common_common-lang 3.10.0-SNAPSHOT
	   |-- com_twelvemonkeys_imageio_imageio-core 3.10.0-SNAPSHOT
	   |-- com_twelvemonkeys_imageio_imageio-metadata 3.10.0-SNAPSHOT
	   |-- com_twelvemonkeys_imageio_imageio-webp 3.10.0-SNAPSHOT
	   |-- org_quiltmc_parsers_gson 0.2.1
	   \-- org_quiltmc_parsers_json 0.2.1
[13:39:11] [main/WARN] (FabricLoader/ModRemap) Error deleting temporary input jar true
java.nio.file.FileSystemException: C:\Users\nagyd\Downloads\solarflare-template-1.20.1\run\.fabric\tmp\com_twelvemonkeys_common_common-image6398224386433297306.jar: The process cannot access the file because it is being used by another process
	at sun.nio.fs.WindowsException.translateToIOException(WindowsException.java:92) ~[?:?]
	at sun.nio.fs.WindowsException.rethrowAsIOException(WindowsException.java:103) ~[?:?]
	at sun.nio.fs.WindowsException.rethrowAsIOException(WindowsException.java:108) ~[?:?]
	at sun.nio.fs.WindowsFileSystemProvider.implDelete(WindowsFileSystemProvider.java:275) ~[?:?]
	at sun.nio.fs.AbstractFileSystemProvider.deleteIfExists(AbstractFileSystemProvider.java:110) ~[?:?]
	at java.nio.file.Files.deleteIfExists(Files.java:1191) ~[?:?]
	at net.fabricmc.loader.impl.discovery.RuntimeModRemapper.remap(RuntimeModRemapper.java:194) ~[fabric-loader-0.15.6.jar:?]
	at net.fabricmc.loader.impl.FabricLoaderImpl.setup(FabricLoaderImpl.java:242) ~[fabric-loader-0.15.6.jar:?]
	at net.fabricmc.loader.impl.FabricLoaderImpl.load(FabricLoaderImpl.java:192) ~[fabric-loader-0.15.6.jar:?]
	at net.fabricmc.loader.impl.launch.knot.Knot.init(Knot.java:146) ~[fabric-loader-0.15.6.jar:?]
	at net.fabricmc.loader.impl.launch.knot.Knot.launch(Knot.java:68) ~[fabric-loader-0.15.6.jar:?]
	at net.fabricmc.loader.impl.launch.knot.KnotClient.main(KnotClient.java:23) ~[fabric-loader-0.15.6.jar:?]
	at net.fabricmc.devlaunchinjector.Main.main(Main.java:86) ~[?:?]
[13:39:11] [main/WARN] (FabricLoader/ModRemap) Error deleting temporary input jar true
java.nio.file.FileSystemException: C:\Users\nagyd\Downloads\solarflare-template-1.20.1\run\.fabric\tmp\com_twelvemonkeys_imageio_imageio-core7648567195394571850.jar: The process cannot access the file because it is being used by another process
	at sun.nio.fs.WindowsException.translateToIOException(WindowsException.java:92) ~[?:?]
	at sun.nio.fs.WindowsException.rethrowAsIOException(WindowsException.java:103) ~[?:?]
	at sun.nio.fs.WindowsException.rethrowAsIOException(WindowsException.java:108) ~[?:?]
	at sun.nio.fs.WindowsFileSystemProvider.implDelete(WindowsFileSystemProvider.java:275) ~[?:?]
	at sun.nio.fs.AbstractFileSystemProvider.deleteIfExists(AbstractFileSystemProvider.java:110) ~[?:?]
	at java.nio.file.Files.deleteIfExists(Files.java:1191) ~[?:?]
	at net.fabricmc.loader.impl.discovery.RuntimeModRemapper.remap(RuntimeModRemapper.java:194) ~[fabric-loader-0.15.6.jar:?]
	at net.fabricmc.loader.impl.FabricLoaderImpl.setup(FabricLoaderImpl.java:242) ~[fabric-loader-0.15.6.jar:?]
	at net.fabricmc.loader.impl.FabricLoaderImpl.load(FabricLoaderImpl.java:192) ~[fabric-loader-0.15.6.jar:?]
	at net.fabricmc.loader.impl.launch.knot.Knot.init(Knot.java:146) ~[fabric-loader-0.15.6.jar:?]
	at net.fabricmc.loader.impl.launch.knot.Knot.launch(Knot.java:68) ~[fabric-loader-0.15.6.jar:?]
	at net.fabricmc.loader.impl.launch.knot.KnotClient.main(KnotClient.java:23) ~[fabric-loader-0.15.6.jar:?]
	at net.fabricmc.devlaunchinjector.Main.main(Main.java:86) ~[?:?]
[13:39:11] [main/WARN] (FabricLoader/ModRemap) Error deleting temporary input jar true
java.nio.file.FileSystemException: C:\Users\nagyd\Downloads\solarflare-template-1.20.1\run\.fabric\tmp\org_quiltmc_parsers_json3018412543137873774.jar: The process cannot access the file because it is being used by another process
	at sun.nio.fs.WindowsException.translateToIOException(WindowsException.java:92) ~[?:?]
	at sun.nio.fs.WindowsException.rethrowAsIOException(WindowsException.java:103) ~[?:?]
	at sun.nio.fs.WindowsException.rethrowAsIOException(WindowsException.java:108) ~[?:?]
	at sun.nio.fs.WindowsFileSystemProvider.implDelete(WindowsFileSystemProvider.java:275) ~[?:?]
	at sun.nio.fs.AbstractFileSystemProvider.deleteIfExists(AbstractFileSystemProvider.java:110) ~[?:?]
	at java.nio.file.Files.deleteIfExists(Files.java:1191) ~[?:?]
	at net.fabricmc.loader.impl.discovery.RuntimeModRemapper.remap(RuntimeModRemapper.java:194) ~[fabric-loader-0.15.6.jar:?]
	at net.fabricmc.loader.impl.FabricLoaderImpl.setup(FabricLoaderImpl.java:242) ~[fabric-loader-0.15.6.jar:?]
	at net.fabricmc.loader.impl.FabricLoaderImpl.load(FabricLoaderImpl.java:192) ~[fabric-loader-0.15.6.jar:?]
	at net.fabricmc.loader.impl.launch.knot.Knot.init(Knot.java:146) ~[fabric-loader-0.15.6.jar:?]
	at net.fabricmc.loader.impl.launch.knot.Knot.launch(Knot.java:68) ~[fabric-loader-0.15.6.jar:?]
	at net.fabricmc.loader.impl.launch.knot.KnotClient.main(KnotClient.java:23) ~[fabric-loader-0.15.6.jar:?]
	at net.fabricmc.devlaunchinjector.Main.main(Main.java:86) ~[?:?]
[13:39:11] [main/WARN] (FabricLoader/ModRemap) Error deleting temporary input jar true
java.nio.file.FileSystemException: C:\Users\nagyd\Downloads\solarflare-template-1.20.1\run\.fabric\tmp\com_twelvemonkeys_imageio_imageio-metadata14315743202385003183.jar: The process cannot access the file because it is being used by another process
	at sun.nio.fs.WindowsException.translateToIOException(WindowsException.java:92) ~[?:?]
	at sun.nio.fs.WindowsException.rethrowAsIOException(WindowsException.java:103) ~[?:?]
	at sun.nio.fs.WindowsException.rethrowAsIOException(WindowsException.java:108) ~[?:?]
	at sun.nio.fs.WindowsFileSystemProvider.implDelete(WindowsFileSystemProvider.java:275) ~[?:?]
	at sun.nio.fs.AbstractFileSystemProvider.deleteIfExists(AbstractFileSystemProvider.java:110) ~[?:?]
	at java.nio.file.Files.deleteIfExists(Files.java:1191) ~[?:?]
	at net.fabricmc.loader.impl.discovery.RuntimeModRemapper.remap(RuntimeModRemapper.java:194) ~[fabric-loader-0.15.6.jar:?]
	at net.fabricmc.loader.impl.FabricLoaderImpl.setup(FabricLoaderImpl.java:242) ~[fabric-loader-0.15.6.jar:?]
	at net.fabricmc.loader.impl.FabricLoaderImpl.load(FabricLoaderImpl.java:192) ~[fabric-loader-0.15.6.jar:?]
	at net.fabricmc.loader.impl.launch.knot.Knot.init(Knot.java:146) ~[fabric-loader-0.15.6.jar:?]
	at net.fabricmc.loader.impl.launch.knot.Knot.launch(Knot.java:68) ~[fabric-loader-0.15.6.jar:?]
	at net.fabricmc.loader.impl.launch.knot.KnotClient.main(KnotClient.java:23) ~[fabric-loader-0.15.6.jar:?]
	at net.fabricmc.devlaunchinjector.Main.main(Main.java:86) ~[?:?]
[13:39:11] [main/WARN] (FabricLoader/ModRemap) Error deleting temporary input jar true
java.nio.file.FileSystemException: C:\Users\nagyd\Downloads\solarflare-template-1.20.1\run\.fabric\tmp\com_twelvemonkeys_common_common-lang18367613249426829330.jar: The process cannot access the file because it is being used by another process
	at sun.nio.fs.WindowsException.translateToIOException(WindowsException.java:92) ~[?:?]
	at sun.nio.fs.WindowsException.rethrowAsIOException(WindowsException.java:103) ~[?:?]
	at sun.nio.fs.WindowsException.rethrowAsIOException(WindowsException.java:108) ~[?:?]
	at sun.nio.fs.WindowsFileSystemProvider.implDelete(WindowsFileSystemProvider.java:275) ~[?:?]
	at sun.nio.fs.AbstractFileSystemProvider.deleteIfExists(AbstractFileSystemProvider.java:110) ~[?:?]
	at java.nio.file.Files.deleteIfExists(Files.java:1191) ~[?:?]
	at net.fabricmc.loader.impl.discovery.RuntimeModRemapper.remap(RuntimeModRemapper.java:194) ~[fabric-loader-0.15.6.jar:?]
	at net.fabricmc.loader.impl.FabricLoaderImpl.setup(FabricLoaderImpl.java:242) ~[fabric-loader-0.15.6.jar:?]
	at net.fabricmc.loader.impl.FabricLoaderImpl.load(FabricLoaderImpl.java:192) ~[fabric-loader-0.15.6.jar:?]
	at net.fabricmc.loader.impl.launch.knot.Knot.init(Knot.java:146) ~[fabric-loader-0.15.6.jar:?]
	at net.fabricmc.loader.impl.launch.knot.Knot.launch(Knot.java:68) ~[fabric-loader-0.15.6.jar:?]
	at net.fabricmc.loader.impl.launch.knot.KnotClient.main(KnotClient.java:23) ~[fabric-loader-0.15.6.jar:?]
	at net.fabricmc.devlaunchinjector.Main.main(Main.java:86) ~[?:?]
[13:39:11] [main/WARN] (FabricLoader/ModRemap) Error deleting temporary input jar true
java.nio.file.FileSystemException: C:\Users\nagyd\Downloads\solarflare-template-1.20.1\run\.fabric\tmp\org_quiltmc_parsers_gson4130749061827385648.jar: The process cannot access the file because it is being used by another process
	at sun.nio.fs.WindowsException.translateToIOException(WindowsException.java:92) ~[?:?]
	at sun.nio.fs.WindowsException.rethrowAsIOException(WindowsException.java:103) ~[?:?]
	at sun.nio.fs.WindowsException.rethrowAsIOException(WindowsException.java:108) ~[?:?]
	at sun.nio.fs.WindowsFileSystemProvider.implDelete(WindowsFileSystemProvider.java:275) ~[?:?]
	at sun.nio.fs.AbstractFileSystemProvider.deleteIfExists(AbstractFileSystemProvider.java:110) ~[?:?]
	at java.nio.file.Files.deleteIfExists(Files.java:1191) ~[?:?]
	at net.fabricmc.loader.impl.discovery.RuntimeModRemapper.remap(RuntimeModRemapper.java:194) ~[fabric-loader-0.15.6.jar:?]
	at net.fabricmc.loader.impl.FabricLoaderImpl.setup(FabricLoaderImpl.java:242) ~[fabric-loader-0.15.6.jar:?]
	at net.fabricmc.loader.impl.FabricLoaderImpl.load(FabricLoaderImpl.java:192) ~[fabric-loader-0.15.6.jar:?]
	at net.fabricmc.loader.impl.launch.knot.Knot.init(Knot.java:146) ~[fabric-loader-0.15.6.jar:?]
	at net.fabricmc.loader.impl.launch.knot.Knot.launch(Knot.java:68) ~[fabric-loader-0.15.6.jar:?]
	at net.fabricmc.loader.impl.launch.knot.KnotClient.main(KnotClient.java:23) ~[fabric-loader-0.15.6.jar:?]
	at net.fabricmc.devlaunchinjector.Main.main(Main.java:86) ~[?:?]
[13:39:11] [main/WARN] (FabricLoader/ModRemap) Error deleting temporary input jar true
java.nio.file.FileSystemException: C:\Users\nagyd\Downloads\solarflare-template-1.20.1\run\.fabric\tmp\com_twelvemonkeys_common_common-io10424006235689730379.jar: The process cannot access the file because it is being used by another process
	at sun.nio.fs.WindowsException.translateToIOException(WindowsException.java:92) ~[?:?]
	at sun.nio.fs.WindowsException.rethrowAsIOException(WindowsException.java:103) ~[?:?]
	at sun.nio.fs.WindowsException.rethrowAsIOException(WindowsException.java:108) ~[?:?]
	at sun.nio.fs.WindowsFileSystemProvider.implDelete(WindowsFileSystemProvider.java:275) ~[?:?]
	at sun.nio.fs.AbstractFileSystemProvider.deleteIfExists(AbstractFileSystemProvider.java:110) ~[?:?]
	at java.nio.file.Files.deleteIfExists(Files.java:1191) ~[?:?]
	at net.fabricmc.loader.impl.discovery.RuntimeModRemapper.remap(RuntimeModRemapper.java:194) ~[fabric-loader-0.15.6.jar:?]
	at net.fabricmc.loader.impl.FabricLoaderImpl.setup(FabricLoaderImpl.java:242) ~[fabric-loader-0.15.6.jar:?]
	at net.fabricmc.loader.impl.FabricLoaderImpl.load(FabricLoaderImpl.java:192) ~[fabric-loader-0.15.6.jar:?]
	at net.fabricmc.loader.impl.launch.knot.Knot.init(Knot.java:146) ~[fabric-loader-0.15.6.jar:?]
	at net.fabricmc.loader.impl.launch.knot.Knot.launch(Knot.java:68) ~[fabric-loader-0.15.6.jar:?]
	at net.fabricmc.loader.impl.launch.knot.KnotClient.main(KnotClient.java:23) ~[fabric-loader-0.15.6.jar:?]
	at net.fabricmc.devlaunchinjector.Main.main(Main.java:86) ~[?:?]
[13:39:11] [main/WARN] (FabricLoader/ModRemap) Error deleting temporary input jar true
java.nio.file.FileSystemException: C:\Users\nagyd\Downloads\solarflare-template-1.20.1\run\.fabric\tmp\com_twelvemonkeys_imageio_imageio-webp7509421149471580984.jar: The process cannot access the file because it is being used by another process
	at sun.nio.fs.WindowsException.translateToIOException(WindowsException.java:92) ~[?:?]
	at sun.nio.fs.WindowsException.rethrowAsIOException(WindowsException.java:103) ~[?:?]
	at sun.nio.fs.WindowsException.rethrowAsIOException(WindowsException.java:108) ~[?:?]
	at sun.nio.fs.WindowsFileSystemProvider.implDelete(WindowsFileSystemProvider.java:275) ~[?:?]
	at sun.nio.fs.AbstractFileSystemProvider.deleteIfExists(AbstractFileSystemProvider.java:110) ~[?:?]
	at java.nio.file.Files.deleteIfExists(Files.java:1191) ~[?:?]
	at net.fabricmc.loader.impl.discovery.RuntimeModRemapper.remap(RuntimeModRemapper.java:194) ~[fabric-loader-0.15.6.jar:?]
	at net.fabricmc.loader.impl.FabricLoaderImpl.setup(FabricLoaderImpl.java:242) ~[fabric-loader-0.15.6.jar:?]
	at net.fabricmc.loader.impl.FabricLoaderImpl.load(FabricLoaderImpl.java:192) ~[fabric-loader-0.15.6.jar:?]
	at net.fabricmc.loader.impl.launch.knot.Knot.init(Knot.java:146) ~[fabric-loader-0.15.6.jar:?]
	at net.fabricmc.loader.impl.launch.knot.Knot.launch(Knot.java:68) ~[fabric-loader-0.15.6.jar:?]
	at net.fabricmc.loader.impl.launch.knot.KnotClient.main(KnotClient.java:23) ~[fabric-loader-0.15.6.jar:?]
	at net.fabricmc.devlaunchinjector.Main.main(Main.java:86) ~[?:?]
[13:39:12] [main/INFO] (FabricLoader/Mixin) SpongePowered MIXIN Subsystem Version=0.8.5 Source=file:/C:/Users/nagyd/.gradle/caches/modules-2/files-2.1/net.fabricmc/sponge-mixin/0.12.5+mixin.0.8.5/8d31fb97c3e0cd7c8dad3441851c523bcfae6d8e/sponge-mixin-0.12.5+mixin.0.8.5.jar Service=Knot/Fabric Env=CLIENT
[13:39:12] [main/INFO] (FabricLoader/Mixin) Loaded Fabric development mappings for mixin remapper!
[13:39:12] [main/INFO] (FabricLoader/Mixin) Compatibility level set to JAVA_17
[13:39:13] [main/INFO] (Sodium) Loaded configuration file for Sodium: 41 options available, 0 override(s) found
[13:39:14] [main/ERROR] (FabricLoader/Mixin) bclib.mixins.client.json:AnvilScreenMixin from mod bclib: method_25402 does not exist in target interface net.minecraft.client.gui.components.events.ContainerEventHandler
org.spongepowered.asm.mixin.transformer.throwables.InvalidMixinException: method_25402 does not exist in target interface net.minecraft.client.gui.components.events.ContainerEventHandler
	at org.spongepowered.asm.mixin.transformer.InterfaceInfo.renameMethod(InterfaceInfo.java:188) ~[sponge-mixin-0.12.5+mixin.0.8.5.jar:0.12.5+mixin.0.8.5]
	at org.spongepowered.asm.mixin.transformer.MixinPreProcessorStandard.prepareSoftImplements(MixinPreProcessorStandard.java:234) ~[sponge-mixin-0.12.5+mixin.0.8.5.jar:0.12.5+mixin.0.8.5]
	at org.spongepowered.asm.mixin.transformer.MixinPreProcessorStandard.prepareMethod(MixinPreProcessorStandard.java:215) ~[sponge-mixin-0.12.5+mixin.0.8.5.jar:0.12.5+mixin.0.8.5]
	at org.spongepowered.asm.mixin.transformer.MixinPreProcessorStandard.prepare(MixinPreProcessorStandard.java:184) ~[sponge-mixin-0.12.5+mixin.0.8.5.jar:0.12.5+mixin.0.8.5]
	at org.spongepowered.asm.mixin.transformer.MixinInfo$State.validateChanges(MixinInfo.java:443) ~[sponge-mixin-0.12.5+mixin.0.8.5.jar:0.12.5+mixin.0.8.5]
	at org.spongepowered.asm.mixin.transformer.MixinInfo$State.validate(MixinInfo.java:343) ~[sponge-mixin-0.12.5+mixin.0.8.5.jar:0.12.5+mixin.0.8.5]
	at org.spongepowered.asm.mixin.transformer.MixinInfo.validate(MixinInfo.java:914) ~[sponge-mixin-0.12.5+mixin.0.8.5.jar:0.12.5+mixin.0.8.5]
	at org.spongepowered.asm.mixin.transformer.MixinConfig.postInitialise(MixinConfig.java:803) ~[sponge-mixin-0.12.5+mixin.0.8.5.jar:0.12.5+mixin.0.8.5]
	at org.spongepowered.asm.mixin.transformer.MixinProcessor.prepareConfigs(MixinProcessor.java:568) ~[sponge-mixin-0.12.5+mixin.0.8.5.jar:0.12.5+mixin.0.8.5]
	at org.spongepowered.asm.mixin.transformer.MixinProcessor.select(MixinProcessor.java:462) ~[sponge-mixin-0.12.5+mixin.0.8.5.jar:0.12.5+mixin.0.8.5]
	at org.spongepowered.asm.mixin.transformer.MixinProcessor.checkSelect(MixinProcessor.java:438) ~[sponge-mixin-0.12.5+mixin.0.8.5.jar:0.12.5+mixin.0.8.5]
	at org.spongepowered.asm.mixin.transformer.MixinProcessor.applyMixins(MixinProcessor.java:290) ~[sponge-mixin-0.12.5+mixin.0.8.5.jar:0.12.5+mixin.0.8.5]
	at org.spongepowered.asm.mixin.transformer.MixinTransformer.transformClass(MixinTransformer.java:234) ~[sponge-mixin-0.12.5+mixin.0.8.5.jar:0.12.5+mixin.0.8.5]
	at org.spongepowered.asm.mixin.transformer.MixinTransformer.transformClassBytes(MixinTransformer.java:202) ~[sponge-mixin-0.12.5+mixin.0.8.5.jar:0.12.5+mixin.0.8.5]
	at net.fabricmc.loader.impl.launch.knot.KnotClassDelegate.getPostMixinClassByteArray(KnotClassDelegate.java:422) ~[fabric-loader-0.15.6.jar:?]
	at net.fabricmc.loader.impl.launch.knot.KnotClassDelegate.tryLoadClass(KnotClassDelegate.java:323) ~[fabric-loader-0.15.6.jar:?]
	at net.fabricmc.loader.impl.launch.knot.KnotClassDelegate.loadClass(KnotClassDelegate.java:218) ~[fabric-loader-0.15.6.jar:?]
	at net.fabricmc.loader.impl.launch.knot.KnotClassLoader.loadClass(KnotClassLoader.java:119) ~[fabric-loader-0.15.6.jar:?]
	at java.lang.ClassLoader.loadClass(ClassLoader.java:521) ~[?:?]
	at java.lang.Class.forName0(Native Method) ~[?:?]
	at java.lang.Class.forName(Class.java:488) ~[?:?]
	at java.lang.Class.forName(Class.java:467) ~[?:?]
	at net.fabricmc.loader.impl.util.DefaultLanguageAdapter.create(DefaultLanguageAdapter.java:50) ~[fabric-loader-0.15.6.jar:?]
	at net.fabricmc.loader.impl.entrypoint.EntrypointStorage$NewEntry.getOrCreate(EntrypointStorage.java:117) ~[fabric-loader-0.15.6.jar:?]
	at net.fabricmc.loader.impl.entrypoint.EntrypointContainerImpl.getEntrypoint(EntrypointContainerImpl.java:53) ~[fabric-loader-0.15.6.jar:?]
	at net.fabricmc.loader.impl.FabricLoaderImpl.invokeEntrypoints(FabricLoaderImpl.java:384) ~[fabric-loader-0.15.6.jar:?]
	at net.fabricmc.loader.impl.launch.knot.Knot.init(Knot.java:160) ~[fabric-loader-0.15.6.jar:?]
	at net.fabricmc.loader.impl.launch.knot.Knot.launch(Knot.java:68) ~[fabric-loader-0.15.6.jar:?]
	at net.fabricmc.loader.impl.launch.knot.KnotClient.main(KnotClient.java:23) ~[fabric-loader-0.15.6.jar:?]
	at net.fabricmc.devlaunchinjector.Main.main(Main.java:86) ~[dev-launch-injector-0.2.1+build.8.jar:?]
[13:39:14] [main/WARN] (FabricLoader/Mixin) Error loading class: org/jetbrains/annotations/ApiStatus$Internal (java.lang.ClassNotFoundException: org/jetbrains/annotations/ApiStatus$Internal)
[13:39:14] [main/INFO] (Sodium-GraphicsAdapterProbe) Searching for graphics cards...
[13:39:15] [main/INFO] (Sodium-GraphicsAdapterProbe) Found graphics card: GraphicsAdapterInfo[vendor=NVIDIA, name=NVIDIA GeForce GTX 1060 6GB, version=DriverVersion=31.0.15.3667]
[13:39:15] [main/WARN] (Sodium-Workarounds) Sodium has applied one or more workarounds to prevent crashes or other issues on your system: [NVIDIA_THREADED_OPTIMIZATIONS]
[13:39:15] [main/WARN] (Sodium-Workarounds) This is not necessarily an issue, but it may result in certain features or optimizations being disabled. You can sometimes fix these issues by upgrading your graphics driver.
[13:39:17] [main/INFO] (FabricLoader/MixinExtras|Service) Initializing MixinExtras via com.llamalad7.mixinextras.service.MixinExtrasServiceImpl(version=0.3.2).
[13:39:23] [main/WARN] (FabricLoader/Mixin) @Inject(@At("FIELD")) Shift.BY=2 on fluidlogged.fabric.mixins.json:fabric.world_interaction.removal_and_placement.BucketItemMixin from mod fluidlogged::handler$zze000$fluidlogged$injectPlaceFluid exceeds the maximum allowed value: 0. Increase the value of maxShiftBy to suppress this warning.
[13:39:25] [Datafixer Bootstrap/INFO] (Minecraft) 188 Datafixer optimizations took 409 milliseconds
[13:39:29] [Render thread/INFO] (Minecraft) Environment: authHost='https://authserver.mojang.com', accountsHost='https://api.mojang.com', sessionHost='https://sessionserver.mojang.com', servicesHost='https://api.minecraftservices.com', name='PROD'
[13:39:29] [Render thread/ERROR] (Minecraft) Failed to verify authentication
com.mojang.authlib.exceptions.InvalidCredentialsException: Status: 401
	at com.mojang.authlib.exceptions.MinecraftClientHttpException.toAuthenticationException(MinecraftClientHttpException.java:56) ~[authlib-4.0.43.jar:?]
	at com.mojang.authlib.yggdrasil.YggdrasilUserApiService.fetchProperties(YggdrasilUserApiService.java:156) ~[authlib-4.0.43.jar:?]
	at com.mojang.authlib.yggdrasil.YggdrasilUserApiService.<init>(YggdrasilUserApiService.java:55) ~[authlib-4.0.43.jar:?]
	at com.mojang.authlib.yggdrasil.YggdrasilAuthenticationService.createUserApiService(YggdrasilAuthenticationService.java:124) ~[authlib-4.0.43.jar:?]
	at net.minecraft.client.Minecraft.createUserApiService(Minecraft.java:650) ~[minecraft-clientOnly-b1c2ca56b5-1.20.1-loom.mappings.1_20_1.layered+hash.2198-v2.jar:?]
	at net.minecraft.client.Minecraft.<init>(Minecraft.java:445) ~[minecraft-clientOnly-b1c2ca56b5-1.20.1-loom.mappings.1_20_1.layered+hash.2198-v2.jar:?]
	at net.minecraft.client.main.Main.main(Main.java:190) ~[minecraft-clientOnly-b1c2ca56b5-1.20.1-loom.mappings.1_20_1.layered+hash.2198-v2.jar:?]
	at net.fabricmc.loader.impl.game.minecraft.MinecraftGameProvider.launch(MinecraftGameProvider.java:470) ~[fabric-loader-0.15.6.jar:?]
	at net.fabricmc.loader.impl.launch.knot.Knot.launch(Knot.java:74) ~[fabric-loader-0.15.6.jar:?]
	at net.fabricmc.loader.impl.launch.knot.KnotClient.main(KnotClient.java:23) ~[fabric-loader-0.15.6.jar:?]
	at net.fabricmc.devlaunchinjector.Main.main(Main.java:86) ~[dev-launch-injector-0.2.1+build.8.jar:?]
Caused by: com.mojang.authlib.exceptions.MinecraftClientHttpException: Status: 401
	at com.mojang.authlib.minecraft.client.MinecraftClient.readInputStream(MinecraftClient.java:85) ~[authlib-4.0.43.jar:?]
	at com.mojang.authlib.minecraft.client.MinecraftClient.get(MinecraftClient.java:48) ~[authlib-4.0.43.jar:?]
	at com.mojang.authlib.yggdrasil.YggdrasilUserApiService.fetchProperties(YggdrasilUserApiService.java:129) ~[authlib-4.0.43.jar:?]
	... 9 more
[13:39:29] [Render thread/INFO] (Minecraft) Setting user: Player153
[13:39:30] [Render thread/INFO] (Logger) [bclib] Added Config bclib.generator to auto sync (file hash)
[13:39:30] [Render thread/INFO] (Logger) [bclib] Added Config bclib.main to auto sync (content diff)
[13:39:30] [Render thread/INFO] (Logger) [bclib] Added Config bclib.biomes to auto sync (file hash)
[13:39:31] [Render thread/INFO] (Logger) [bclib] Added Config betterend.entities to auto sync (file hash)
[13:39:31] [Render thread/INFO] (Logger) [bclib] Added Config betterend.blocks to auto sync (file hash)
[13:39:31] [Render thread/INFO] (Logger) [bclib] Added Config betterend.items to auto sync (file hash)
[13:39:31] [Render thread/INFO] (Logger) [bclib] Added Config betterend.biomes to auto sync (file hash)
[13:39:31] [Render thread/INFO] (Logger) [bclib] Added Config betterend.recipes to auto sync (file hash)
[13:39:31] [Render thread/INFO] (Logger) [bclib] Added Config betterend.enchantments to auto sync (file hash)
[13:39:41] [Render thread/WARN] (Logger) [betterend] Generating Debug Helpers
[13:39:42] [Render thread/INFO] (solarflare) Hello Fabric world!
[13:39:42] [Thread-2/INFO] (Logger) [bclib] Received Version Info for minecraft=1.20.1, loader=fabric
[13:39:42] [Thread-2/INFO] (Logger) [bclib]  - bclib:3.0.14
[13:39:42] [Thread-2/INFO] (Logger) [bclib]  - betterend:4.0.11
[13:39:42] [Render thread/INFO] (Indigo) [Indigo] Different rendering plugin detected; not applying Indigo.
[13:39:44] [Render thread/INFO] (Minecraft) Backend library: LWJGL version 3.3.1 SNAPSHOT
[13:39:44] [Render thread/WARN] (Sodium-NvidiaWorkarounds) Attempting to apply workarounds for the NVIDIA Graphics Driver...
[13:39:44] [Render thread/WARN] (Sodium-NvidiaWorkarounds) If the game crashes immediately after this point, please make a bug report: https://github.com/CaffeineMC/sodium-fabric/issues
[13:39:44] [Render thread/INFO] (Sodium-NvidiaWorkarounds) ... Successfully applied workarounds for the NVIDIA Graphics Driver!
[13:39:44] [Render thread/INFO] (Sodium-PostlaunchChecks) OpenGL Vendor: NVIDIA Corporation
[13:39:44] [Render thread/INFO] (Sodium-PostlaunchChecks) OpenGL Renderer: NVIDIA GeForce GTX 1060 6GB/PCIe/SSE2
[13:39:44] [Render thread/INFO] (Sodium-PostlaunchChecks) OpenGL Version: 3.2.0 NVIDIA 536.67
[13:39:48] [Render thread/INFO] (Minecraft) Reloading ResourceManager: vanilla, fabric (fluidlogged, fabric-events-lifecycle-v0, fabric-networking-api-v1, fabric-message-api-v1, fabric-item-api-v1, fabricloader, fabric-events-interaction-v0, fabric-rendering-fluids-v1, fabric-recipe-api-v1, fabric-renderer-api-v1, fabric-content-registries-v0, fabric-mining-level-api-v1, bclib, fabric-block-api-v1, fabric-screen-handler-api-v1, fabric-containers-v0, fabric-screen-api-v1, fabric-keybindings-v0, fabric-sound-api-v1, fabric-command-api-v1, fabric-entity-events-v1, fabric-item-group-api-v1, fabric-lifecycle-events-v1, fabric-rendering-v0, fabric-command-api-v2, fabric-transfer-api-v1, fabric-api, fabric-resource-conditions-api-v1, fabric-client-tags-api-v1, fabric-loot-api-v2, fabric-key-binding-api-v1, fabric-transitive-access-wideners-v1, fabric-gametest-api-v1, fabric-renderer-indigo, fabric-biome-api-v1, fabric-model-loading-api-v1, fabric-api-base, fabric-loot-tables-v1, fabric-registry-sync-v0, fabric-crash-report-info-v1, yet_another_config_lib_v3, fabric-data-generation-api-v1, fabric-game-rule-api-v1, fabric-block-view-api-v2, fabric-particles-v1, fabric-networking-v0, fabric-rendering-data-attachment-v1, fabric-dimensions-v1, fabric-commands-v0, fabric-object-builder-api-v1, fabric-convention-tags-v1, betterend, fabric-rendering-v1, fabric-api-lookup-api-v1, solarflare, fabric-blockrenderlayer-v1, fabric-resource-loader-v0, fabric-renderer-registries-v1, fabric-models-v0, sodium)
[13:39:48] [Worker-Main-2/INFO] (Minecraft) Found unifont_all_no_pua-15.0.06.hex, loading
[13:39:49] [Realms Notification Availability checker #1/INFO] (Minecraft) Could not authorize you against Realms server: Invalid session id
[13:39:54] [Worker-Main-2/WARN] (Minecraft) Missing textures in model betterend:debug/biome_loot#inventory:
    minecraft:textures/atlas/blocks.png:minecraft:item/oak_leaves
[13:39:54] [Render thread/WARN] (Minecraft) Missing sound for event: minecraft:item.goat_horn.play
[13:39:54] [Render thread/WARN] (Minecraft) Missing sound for event: minecraft:entity.goat.screaming.horn_break
[13:39:54] [Render thread/INFO] (Minecraft) OpenAL initialized on device OpenAL Soft on Fejhallgató (2- Crusher Evo Stereo)
[13:39:54] [Render thread/INFO] (Minecraft) Sound engine started
[13:39:54] [Render thread/INFO] (Minecraft) Created: 1024x1024x4 minecraft:textures/atlas/blocks.png-atlas
[13:39:54] [Render thread/INFO] (Minecraft) Created: 512x256x4 minecraft:textures/atlas/signs.png-atlas
[13:39:54] [Render thread/INFO] (Minecraft) Created: 512x512x4 minecraft:textures/atlas/shield_patterns.png-atlas
[13:39:54] [Render thread/INFO] (Minecraft) Created: 512x512x4 minecraft:textures/atlas/banner_patterns.png-atlas
[13:39:54] [Render thread/INFO] (Minecraft) Created: 1024x1024x4 minecraft:textures/atlas/armor_trims.png-atlas
[13:39:54] [Render thread/INFO] (Minecraft) Created: 128x64x4 minecraft:textures/atlas/decorated_pot.png-atlas
[13:39:54] [Render thread/INFO] (Minecraft) Created: 512x512x4 minecraft:textures/atlas/chest.png-atlas
[13:39:54] [Render thread/INFO] (Minecraft) Created: 512x256x4 minecraft:textures/atlas/beds.png-atlas
[13:39:54] [Render thread/INFO] (Minecraft) Created: 512x256x4 minecraft:textures/atlas/shulker_boxes.png-atlas
[13:39:55] [Render thread/WARN] (Minecraft) Shader rendertype_entity_translucent_emissive could not find sampler named Sampler2 in the specified shader program.
[13:39:55] [Render thread/INFO] (Minecraft) Created: 512x256x0 minecraft:textures/atlas/particles.png-atlas
[13:39:55] [Render thread/INFO] (Minecraft) Created: 256x256x0 minecraft:textures/atlas/paintings.png-atlas
[13:39:55] [Render thread/INFO] (Minecraft) Created: 128x128x0 minecraft:textures/atlas/mob_effects.png-atlas
[13:39:59] [Render thread/ERROR] (Logger) [worlds_together] Tried to read from global registry!
[13:39:59] [Render thread/ERROR] (Logger) [worlds_together] Tried to read from global registry!
[13:39:59] [Render thread/ERROR] (Logger) [worlds_together] No valid registry found!
[13:39:59] [Render thread/INFO] (Logger) [DataFixerAPI] Ignoring Patch{bclib:3.0.11:12582923}
[13:39:59] [Render thread/INFO] (Logger) [bclib] Running Pre Patchers on C:\Users\nagyd\Downloads\solarflare-template-1.20.1\run\saves\Water\.
[13:39:59] [Render thread/INFO] (Logger) [DataFixerAPI] Everything up to date
[13:39:59] [Render thread/INFO] (Logger) [bclib] Did not manage biome betterend:empty_aurora_cave
[13:39:59] [Render thread/INFO] (Logger) [bclib] Did not manage biome betterend:empty_end_cave
[13:39:59] [Render thread/INFO] (Logger) [bclib] Did not manage biome betterend:empty_smaragdant_cave
[13:39:59] [Render thread/INFO] (Logger) [bclib] Did not manage biome betterend:jade_cave
[13:39:59] [Render thread/INFO] (Logger) [bclib] Did not manage biome betterend:lush_aurora_cave
[13:39:59] [Render thread/INFO] (Logger) [bclib] Did not manage biome betterend:lush_smaragdant_cave
[13:39:59] [Render thread/INFO] (Logger) [bclib] Did not manage biome betterend:megalake_grove
[13:39:59] [Render thread/INFO] (Logger) [bclib] Did not manage biome betterend:neon_oasis
[13:39:59] [Render thread/INFO] (Logger) [bclib] Did not manage biome betterend:painted_mountains
[13:39:59] [Render thread/INFO] (Logger) [bclib] Updating Pickers for BCLib - The End  BiomeSource (da28414)
[13:39:59] [Render thread/INFO] (Logger) [bclib] Unable to build Biome List yet
[13:39:59] [Render thread/INFO] (Logger) [bclib] No Void Biomes found. Disabling by using barrens
[13:39:59] [Render thread/INFO] (Logger) [bclib] No Barrens Biomes found. Disabling by using land Biomes
[13:39:59] [Render thread/WARN] (Logger) [bclib] No Center Island Biomes found. Forcing use of vanilla center.
[13:39:59] [Render thread/INFO] (Logger) [bclib] Updating Pickers for BCLib - Nether BiomeSource (3c7bbf1a)
[13:39:59] [Render thread/INFO] (Logger) [bclib] Unable to build Biome List yet
[13:39:59] [Render thread/INFO] (Logger) [bclib] Updating Pickers for BCLib - The End  BiomeSource (6b075d5)
[13:39:59] [Render thread/INFO] (Logger) [bclib] Unable to build Biome List yet
[13:39:59] [Render thread/INFO] (Logger) [bclib] No Void Biomes found. Disabling by using barrens
[13:39:59] [Render thread/INFO] (Logger) [bclib] No Barrens Biomes found. Disabling by using land Biomes
[13:39:59] [Render thread/WARN] (Logger) [bclib] No Center Island Biomes found. Forcing use of vanilla center.
[13:39:59] [Render thread/INFO] (Logger) [bclib] Updating Pickers for BCLib - Nether BiomeSource (2ec00993)
[13:39:59] [Render thread/INFO] (Logger) [bclib] Unable to build Biome List yet
[13:39:59] [Render thread/INFO] (Logger) [bclib] Updating Pickers for BCLib - The End  BiomeSource (dbc1950)
[13:39:59] [Render thread/INFO] (Logger) [bclib] Unable to build Biome List yet
[13:39:59] [Render thread/INFO] (Logger) [bclib] No Void Biomes found. Disabling by using barrens
[13:39:59] [Render thread/INFO] (Logger) [bclib] No Barrens Biomes found. Disabling by using land Biomes
[13:39:59] [Render thread/WARN] (Logger) [bclib] No Center Island Biomes found. Forcing use of vanilla center.
[13:39:59] [Render thread/INFO] (Logger) [bclib] Updating Pickers for BCLib - Nether BiomeSource (b6d26d0)
[13:39:59] [Render thread/INFO] (Logger) [bclib] Unable to build Biome List yet
[13:39:59] [Render thread/INFO] (Logger) [bclib] Updating Pickers for BCLib - The End  BiomeSource (450ece6e)
[13:39:59] [Render thread/INFO] (Logger) [bclib] Unable to build Biome List yet
[13:39:59] [Render thread/INFO] (Logger) [bclib] No Void Biomes found. Disabling by using barrens
[13:39:59] [Render thread/INFO] (Logger) [bclib] No Barrens Biomes found. Disabling by using land Biomes
[13:39:59] [Render thread/WARN] (Logger) [bclib] No Center Island Biomes found. Forcing use of vanilla center.
[13:39:59] [Render thread/INFO] (Logger) [bclib] Updating Pickers for BCLib - Nether BiomeSource (26ed7f2d)
[13:39:59] [Render thread/INFO] (Logger) [bclib] Unable to build Biome List yet
[13:39:59] [Render thread/WARN] (Logger) [bclib] No valid BCLBiome Registry available!
[13:39:59] [Render thread/WARN] (Logger) [bclib] No valid Biome Registry available!
[13:39:59] [Render thread/INFO] (FabricRegistrySync) [fabric-registry-sync] Loaded registry data [file 1/4]
[13:40:00] [Render thread/INFO] (Logger) [bclib] Disabling Recipe: bclib:test_star
[13:40:00] [Render thread/ERROR] (Minecraft) Parsing error loading recipe betterend:guide_book
com.google.gson.JsonSyntaxException: Unknown item 'betterend:guidebook'
	at net.minecraft.world.item.crafting.ShapedRecipe.method_17878(ShapedRecipe.java:272) ~[minecraft-common-b1c2ca56b5-1.20.1-loom.mappings.1_20_1.layered+hash.2198-v2.jar:?]
	at java.util.Optional.orElseThrow(Optional.java:403) ~[?:?]
	at net.minecraft.world.item.crafting.ShapedRecipe.itemFromJson(ShapedRecipe.java:272) ~[minecraft-common-b1c2ca56b5-1.20.1-loom.mappings.1_20_1.layered+hash.2198-v2.jar:?]
	at net.minecraft.world.item.crafting.ShapedRecipe.itemStackFromJson(ShapedRecipe.java:259) ~[minecraft-common-b1c2ca56b5-1.20.1-loom.mappings.1_20_1.layered+hash.2198-v2.jar:?]
	at net.minecraft.world.item.crafting.ShapedRecipe$Serializer.fromJson(ShapedRecipe.java:293) ~[minecraft-common-b1c2ca56b5-1.20.1-loom.mappings.1_20_1.layered+hash.2198-v2.jar:?]
	at net.minecraft.world.item.crafting.ShapedRecipe$Serializer.fromJson(ShapedRecipe.java:279) ~[minecraft-common-b1c2ca56b5-1.20.1-loom.mappings.1_20_1.layered+hash.2198-v2.jar:?]
	at net.minecraft.world.item.crafting.RecipeManager.fromJson(RecipeManager.java:135) ~[minecraft-common-b1c2ca56b5-1.20.1-loom.mappings.1_20_1.layered+hash.2198-v2.jar:?]
	at net.minecraft.world.item.crafting.RecipeManager.apply(RecipeManager.java:56) ~[minecraft-common-b1c2ca56b5-1.20.1-loom.mappings.1_20_1.layered+hash.2198-v2.jar:?]
	at net.minecraft.world.item.crafting.RecipeManager.apply(RecipeManager.java:35) ~[minecraft-common-b1c2ca56b5-1.20.1-loom.mappings.1_20_1.layered+hash.2198-v2.jar:?]
	at net.minecraft.server.packs.resources.SimplePreparableReloadListener.method_18790(SimplePreparableReloadListener.java:13) ~[minecraft-common-b1c2ca56b5-1.20.1-loom.mappings.1_20_1.layered+hash.2198-v2.jar:?]
	at java.util.concurrent.CompletableFuture$UniAccept.tryFire(CompletableFuture.java:718) ~[?:?]
	at java.util.concurrent.CompletableFuture$Completion.run(CompletableFuture.java:482) ~[?:?]
	at net.minecraft.server.packs.resources.SimpleReloadInstance.method_18365(SimpleReloadInstance.java:69) ~[minecraft-common-b1c2ca56b5-1.20.1-loom.mappings.1_20_1.layered+hash.2198-v2.jar:?]
	at net.minecraft.util.thread.BlockableEventLoop.doRunTask(BlockableEventLoop.java:156) ~[minecraft-common-b1c2ca56b5-1.20.1-loom.mappings.1_20_1.layered+hash.2198-v2.jar:?]
	at net.minecraft.util.thread.ReentrantBlockableEventLoop.doRunTask(ReentrantBlockableEventLoop.java:23) ~[minecraft-common-b1c2ca56b5-1.20.1-loom.mappings.1_20_1.layered+hash.2198-v2.jar:?]
	at net.minecraft.util.thread.BlockableEventLoop.pollTask(BlockableEventLoop.java:130) ~[minecraft-common-b1c2ca56b5-1.20.1-loom.mappings.1_20_1.layered+hash.2198-v2.jar:?]
	at net.minecraft.util.thread.BlockableEventLoop.managedBlock(BlockableEventLoop.java:139) ~[minecraft-common-b1c2ca56b5-1.20.1-loom.mappings.1_20_1.layered+hash.2198-v2.jar:?]
	at net.minecraft.client.gui.screens.worldselection.WorldOpenFlows.loadWorldDataBlocking(WorldOpenFlows.java:167) ~[minecraft-clientOnly-b1c2ca56b5-1.20.1-loom.mappings.1_20_1.layered+hash.2198-v2.jar:?]
	at net.minecraft.client.gui.screens.worldselection.WorldOpenFlows.loadWorldStem(WorldOpenFlows.java:120) ~[minecraft-clientOnly-b1c2ca56b5-1.20.1-loom.mappings.1_20_1.layered+hash.2198-v2.jar:?]
	at net.minecraft.client.gui.screens.worldselection.WorldOpenFlows.doLoadLevel(WorldOpenFlows.java:180) ~[minecraft-clientOnly-b1c2ca56b5-1.20.1-loom.mappings.1_20_1.layered+hash.2198-v2.jar:?]
	at net.minecraft.client.gui.screens.worldselection.WorldOpenFlows.loadLevel(WorldOpenFlows.java:73) ~[minecraft-clientOnly-b1c2ca56b5-1.20.1-loom.mappings.1_20_1.layered+hash.2198-v2.jar:?]
	at net.minecraft.client.gui.screens.worldselection.WorldSelectionList$WorldListEntry.loadWorld(WorldSelectionList.java:239) ~[minecraft-clientOnly-b1c2ca56b5-1.20.1-loom.mappings.1_20_1.layered+hash.2198-v2.jar:?]
	at net.minecraft.client.gui.screens.worldselection.WorldSelectionList$WorldListEntry.joinWorld(WorldSelectionList.java:239) ~[minecraft-clientOnly-b1c2ca56b5-1.20.1-loom.mappings.1_20_1.layered+hash.2198-v2.jar:?]
	at net.minecraft.client.gui.screens.worldselection.WorldSelectionList$WorldListEntry.mouseClicked(WorldSelectionList.java:239) ~[minecraft-clientOnly-b1c2ca56b5-1.20.1-loom.mappings.1_20_1.layered+hash.2198-v2.jar:?]
	at net.minecraft.client.gui.components.AbstractSelectionList.mouseClicked(AbstractSelectionList.java:305) ~[minecraft-clientOnly-b1c2ca56b5-1.20.1-loom.mappings.1_20_1.layered+hash.2198-v2.jar:?]
	at net.minecraft.client.gui.components.events.ContainerEventHandler.mouseClicked(ContainerEventHandler.java:43) ~[minecraft-clientOnly-b1c2ca56b5-1.20.1-loom.mappings.1_20_1.layered+hash.2198-v2.jar:?]
	at net.minecraft.client.MouseHandler.method_1611(MouseHandler.java:93) ~[minecraft-clientOnly-b1c2ca56b5-1.20.1-loom.mappings.1_20_1.layered+hash.2198-v2.jar:?]
	at net.minecraft.client.gui.screens.Screen.wrapScreenError(Screen.java:421) ~[minecraft-clientOnly-b1c2ca56b5-1.20.1-loom.mappings.1_20_1.layered+hash.2198-v2.jar:?]
	at net.minecraft.client.MouseHandler.onPress(MouseHandler.java:93) ~[minecraft-clientOnly-b1c2ca56b5-1.20.1-loom.mappings.1_20_1.layered+hash.2198-v2.jar:?]
	at net.minecraft.client.MouseHandler.method_22686(MouseHandler.java:163) ~[minecraft-clientOnly-b1c2ca56b5-1.20.1-loom.mappings.1_20_1.layered+hash.2198-v2.jar:?]
	at net.minecraft.util.thread.BlockableEventLoop.execute(BlockableEventLoop.java:102) ~[minecraft-common-b1c2ca56b5-1.20.1-loom.mappings.1_20_1.layered+hash.2198-v2.jar:?]
	at net.minecraft.client.MouseHandler.method_22684(MouseHandler.java:163) ~[minecraft-clientOnly-b1c2ca56b5-1.20.1-loom.mappings.1_20_1.layered+hash.2198-v2.jar:?]
	at org.lwjgl.glfw.GLFWMouseButtonCallbackI.callback(GLFWMouseButtonCallbackI.java:43) ~[lwjgl-glfw-3.3.1.jar:build 7]
	at org.lwjgl.system.JNI.invokeV(Native Method) ~[lwjgl-3.3.1.jar:build 7]
	at org.lwjgl.glfw.GLFW.glfwWaitEventsTimeout(GLFW.java:3474) ~[lwjgl-glfw-3.3.1.jar:build 7]
	at com.mojang.blaze3d.systems.RenderSystem.limitDisplayFPS(RenderSystem.java:194) ~[minecraft-clientOnly-b1c2ca56b5-1.20.1-loom.mappings.1_20_1.layered+hash.2198-v2.jar:?]
	at net.minecraft.client.Minecraft.runTick(Minecraft.java:1068) ~[minecraft-clientOnly-b1c2ca56b5-1.20.1-loom.mappings.1_20_1.layered+hash.2198-v2.jar:?]
	at net.minecraft.client.Minecraft.run(Minecraft.java:712) ~[minecraft-clientOnly-b1c2ca56b5-1.20.1-loom.mappings.1_20_1.layered+hash.2198-v2.jar:?]
	at net.minecraft.client.main.Main.main(Main.java:222) ~[minecraft-clientOnly-b1c2ca56b5-1.20.1-loom.mappings.1_20_1.layered+hash.2198-v2.jar:?]
	at net.fabricmc.loader.impl.game.minecraft.MinecraftGameProvider.launch(MinecraftGameProvider.java:470) ~[fabric-loader-0.15.6.jar:?]
	at net.fabricmc.loader.impl.launch.knot.Knot.launch(Knot.java:74) ~[fabric-loader-0.15.6.jar:?]
	at net.fabricmc.loader.impl.launch.knot.KnotClient.main(KnotClient.java:23) ~[fabric-loader-0.15.6.jar:?]
	at net.fabricmc.devlaunchinjector.Main.main(Main.java:86) ~[dev-launch-injector-0.2.1+build.8.jar:?]
[13:40:01] [Render thread/INFO] (Minecraft) Loaded 10 recipes
[13:40:01] [Render thread/INFO] (Minecraft) Loaded 2146 advancements
[13:40:02] [Render thread/INFO] (BiomeModificationImpl) Applied 0 biome modifications to 0 of 89 new biomes in 2.558 ms
[13:40:02] [Server thread/INFO] (Minecraft) Starting integrated minecraft server version 1.20.1
[13:40:02] [Server thread/INFO] (Minecraft) Generating keypair
[13:40:02] [Server thread/INFO] (Logger) [bclib] 
Apply Modifications for minecraft:the_end
    TheEndBiomeSource (77ebf066)
        biomes     = 21
        namespaces = minecraft(5), betterend(16)
[13:40:02] [Server thread/INFO] (Logger) [bclib] 
Apply Modifications for minecraft:the_nether
    MultiNoiseBiomeSource (57ec0bad)
        biomes     = 5
        namespaces = minecraft(5)
[13:40:02] [Server thread/INFO] (Logger) [bclib] 
Apply Modifications for minecraft:overworld
    FixedBiomeSource (5747f9aa)
        biomes     = 1
        namespaces = minecraft(1)
[13:40:02] [Server thread/INFO] (Logger) [bclib] World Dimensions: 
 - minecraft:the_end: 
     net.minecraft.world.level.levelgen.NoiseBasedChunkGenerator@c5fc54c 
     TheEndBiomeSource (77ebf066)
         biomes     = 21
         namespaces = minecraft(5), betterend(16)
 - minecraft:the_nether: 
     net.minecraft.world.level.levelgen.NoiseBasedChunkGenerator@6b0eb3fb 
     MultiNoiseBiomeSource (57ec0bad)
         biomes     = 5
         namespaces = minecraft(5)
 - minecraft:overworld: 
     net.minecraft.world.level.levelgen.FlatLevelSource@4e7cf01 
     FixedBiomeSource (5747f9aa)
         biomes     = 1
         namespaces = minecraft(1)
[13:40:02] [Server thread/INFO] (Logger) [bclib] Merged 16 additional Surface Rules for 
TheEndBiomeSource (77ebf066)
    biomes     = 21
    namespaces = minecraft(5), betterend(16) => 17
[13:40:03] [Server thread/INFO] (Minecraft) Preparing start region for dimension minecraft:overworld
[13:40:04] [Render thread/INFO] (Minecraft) Preparing spawn area: 0%
[13:40:04] [Render thread/INFO] (Minecraft) Preparing spawn area: 0%
[13:40:04] [Render thread/INFO] (Minecraft) Preparing spawn area: 0%
[13:40:04] [Render thread/INFO] (Minecraft) Preparing spawn area: 0%
[13:40:05] [Render thread/INFO] (Minecraft) Preparing spawn area: 0%
[13:40:05] [Render thread/INFO] (Minecraft) Preparing spawn area: 0%
[13:40:06] [Render thread/INFO] (Minecraft) Preparing spawn area: 0%
[13:40:06] [Render thread/INFO] (Minecraft) Preparing spawn area: 19%
[13:40:07] [Render thread/INFO] (Minecraft) Time elapsed: 3940 ms
[13:40:07] [Server thread/INFO] (Minecraft) Changing view distance to 12, from 10
[13:40:07] [Server thread/INFO] (Minecraft) Changing simulation distance to 12, from 0
[13:40:08] [Server thread/INFO] (Minecraft) Player153[local:E:4a7b7b4a] logged in with entity id 7 at (3.9141251627941007, -50.954725594205755, 83.85461824606669)
[13:40:08] [Server thread/INFO] (Minecraft) Player153 joined the game
[13:40:09] [Render thread/INFO] (ChunkBuilder) Started 1 worker threads
[13:40:09] [Render thread/INFO] (Logger) [bclib] Sending hello to server.
[13:40:09] [Server thread/INFO] (Logger) [bclib] Received Hello from Client. (server=3.0.14, client=3.0.14)
[13:40:09] [Server thread/INFO] (Logger) [bclib] Auto-Sync is disabled for Singleplayer worlds.
[13:40:09] [Render thread/INFO] (Minecraft) Loaded 10 advancements
[13:40:09] [Render thread/INFO] (Minecraft) Loaded 19 advancements
[13:40:10] [Render thread/INFO] (Minecraft) Loaded 27 advancements
[13:40:12] [Server thread/INFO] (Minecraft) Saving and pausing game...
[13:40:12] [Server thread/INFO] (Minecraft) Saving chunks for level 'ServerLevel[Water]'/minecraft:overworld
[13:40:12] [Server thread/INFO] (Minecraft) Saving chunks for level 'ServerLevel[Water]'/minecraft:the_end
[13:40:12] [Server thread/INFO] (Minecraft) Saving chunks for level 'ServerLevel[Water]'/minecraft:the_nether
[13:40:33] [Server thread/INFO] (Minecraft) Saving and pausing game...
[13:40:33] [Server thread/INFO] (Minecraft) Saving chunks for level 'ServerLevel[Water]'/minecraft:overworld
[13:40:33] [Server thread/INFO] (Minecraft) Saving chunks for level 'ServerLevel[Water]'/minecraft:the_end
[13:40:33] [Server thread/INFO] (Minecraft) Saving chunks for level 'ServerLevel[Water]'/minecraft:the_nether
[14:17:01] [Server thread/INFO] (Minecraft) Player153 lost connection: Disconnected
[14:17:01] [Server thread/INFO] (Minecraft) Player153 left the game
[14:17:01] [Server thread/INFO] (Minecraft) Stopping singleplayer server as player logged out
[14:17:01] [Server thread/INFO] (Minecraft) Stopping server
[14:17:01] [Server thread/INFO] (Minecraft) Saving players
[14:17:01] [Server thread/INFO] (Minecraft) Saving worlds
[14:17:02] [Server thread/INFO] (Minecraft) Saving chunks for level 'ServerLevel[Water]'/minecraft:overworld
[14:17:02] [Server thread/INFO] (Minecraft) Saving chunks for level 'ServerLevel[Water]'/minecraft:the_end
[14:17:02] [Server thread/INFO] (Minecraft) Saving chunks for level 'ServerLevel[Water]'/minecraft:the_nether
[14:17:02] [Server thread/INFO] (Minecraft) ThreadedAnvilChunkStorage (Water): All chunks are saved
[14:17:02] [Server thread/INFO] (Minecraft) ThreadedAnvilChunkStorage (DIM1): All chunks are saved
[14:17:02] [Server thread/INFO] (Minecraft) ThreadedAnvilChunkStorage (DIM-1): All chunks are saved
[14:17:02] [Server thread/INFO] (Minecraft) ThreadedAnvilChunkStorage: All dimensions are saved
[14:17:02] [Render thread/INFO] (ChunkBuilder) Stopping worker threads
[14:17:03] [Render thread/INFO] (Minecraft) Stopping!
